<!DOCTYPE html>
<html>
<head>
<meta http-equiv="Content-Type" content="text/html; charset=utf-8"/>
<meta http-equiv="x-ua-compatible" content="IE=edge"/>
<title>Test results - Class com.epam.lab.TestGmail</title>
<link href="../css/base-style.css" rel="stylesheet" type="text/css"/>
<link href="../css/style.css" rel="stylesheet" type="text/css"/>
<script src="../js/report.js" type="text/javascript"></script>
</head>
<body>
<div id="content">
<h1>Class com.epam.lab.TestGmail</h1>
<div class="breadcrumbs">
<a href="../index.html">all</a> &gt; 
<a href="../packages/com.epam.lab.html">com.epam.lab</a> &gt; TestGmail</div>
<div id="summary">
<table>
<tr>
<td>
<div class="summaryGroup">
<table>
<tr>
<td>
<div class="infoBox" id="tests">
<div class="counter">5</div>
<p>tests</p>
</div>
</td>
<td>
<div class="infoBox" id="failures">
<div class="counter">1</div>
<p>failures</p>
</div>
</td>
<td>
<div class="infoBox" id="ignored">
<div class="counter">0</div>
<p>ignored</p>
</div>
</td>
<td>
<div class="infoBox" id="duration">
<div class="counter">4m41.85s</div>
<p>duration</p>
</div>
</td>
</tr>
</table>
</div>
</td>
<td>
<div class="infoBox failures" id="successRate">
<div class="percent">80%</div>
<p>successful</p>
</div>
</td>
</tr>
</table>
</div>
<div id="tabs">
<ul class="tabLinks">
<li>
<a href="#tab0">Failed tests</a>
</li>
<li>
<a href="#tab1">Tests</a>
</li>
<li>
<a href="#tab2">Standard output</a>
</li>
<li>
<a href="#tab3">Standard error</a>
</li>
</ul>
<div id="tab0" class="tab">
<h2>Failed tests</h2>
<div class="test">
<a name="testGmail"></a>
<h3 class="failures">testGmail</h3>
<span class="code">
<pre>org.openqa.selenium.TimeoutException: Expected condition failed: waiting for visibility of com.epam.lab.decorator.PageElement@5db77ed7 (tried for 10 second(s) with 500 milliseconds interval)
	at org.openqa.selenium.support.ui.WebDriverWait.timeoutException(WebDriverWait.java:81)
	at org.openqa.selenium.support.ui.FluentWait.until(FluentWait.java:271)
	at com.epam.lab.decorator.PageElement.waitUntilVisible(PageElement.java:113)
	at com.epam.lab.businessobjects.Gmail.GmailPageBO.clickCompose(GmailPageBO.java:9)
	at com.epam.lab.TestGmail.testGmail(TestGmail.java:63)
	at sun.reflect.NativeMethodAccessorImpl.invoke0(Native Method)
	at sun.reflect.NativeMethodAccessorImpl.invoke(NativeMethodAccessorImpl.java:62)
	at sun.reflect.DelegatingMethodAccessorImpl.invoke(DelegatingMethodAccessorImpl.java:43)
	at java.lang.reflect.Method.invoke(Method.java:498)
	at org.testng.internal.MethodInvocationHelper.invokeMethod(MethodInvocationHelper.java:124)
	at org.testng.internal.Invoker.invokeMethod(Invoker.java:583)
	at org.testng.internal.Invoker.invokeTestMethod(Invoker.java:719)
	at org.testng.internal.Invoker.invokeTestMethods(Invoker.java:989)
	at org.testng.internal.TestMethodWorker.invokeTestMethods(TestMethodWorker.java:125)
	at org.testng.internal.TestMethodWorker.run(TestMethodWorker.java:109)
	at java.util.concurrent.ThreadPoolExecutor.runWorker(ThreadPoolExecutor.java:1149)
	at java.util.concurrent.ThreadPoolExecutor$Worker.run(ThreadPoolExecutor.java:624)
	at java.lang.Thread.run(Thread.java:748)
Caused by: org.openqa.selenium.NoSuchElementException: no such element: Unable to locate element: {&quot;method&quot;:&quot;css selector&quot;,&quot;selector&quot;:&quot;div[gh='cm']&quot;}
  (Session info: chrome=66.0.3359.181)
  (Driver info: chromedriver=2.38.552522 (437e6fbedfa8762dec75e2c5b3ddb86763dc9dcb),platform=Windows NT 10.0.10586 x86_64) (WARNING: The server did not provide any stacktrace information)
Command duration or timeout: 0 milliseconds
For documentation on this error, please visit: http://seleniumhq.org/exceptions/no_such_element.html
Build info: version: '3.12.0', revision: '7c6e0b3', time: '2018-05-08T14:04:26.12Z'
System info: host: 'DESKTOP-KOGK8HA', ip: '192.168.56.1', os.name: 'Windows 10', os.arch: 'amd64', os.version: '10.0', java.version: '1.8.0_161'
Driver info: org.openqa.selenium.chrome.ChromeDriver
Capabilities {acceptInsecureCerts: false, acceptSslCerts: false, applicationCacheEnabled: false, browserConnectionEnabled: false, browserName: chrome, chrome: {chromedriverVersion: 2.38.552522 (437e6fbedfa876..., userDataDir: C:\Users\musyk\AppData\Loca...}, cssSelectorsEnabled: true, databaseEnabled: false, handlesAlerts: true, hasTouchScreen: false, javascriptEnabled: true, locationContextEnabled: true, mobileEmulationEnabled: false, nativeEvents: true, networkConnectionEnabled: false, pageLoadStrategy: normal, platform: XP, platformName: XP, rotatable: false, setWindowRect: true, takesHeapSnapshot: true, takesScreenshot: true, unexpectedAlertBehaviour: , unhandledPromptBehavior: , version: 66.0.3359.181, webStorageEnabled: true}
Session ID: b507e0cfb7ade89d3d204cf0befbd995
*** Element info: {Using=css selector, value=div[gh='cm']}
	at sun.reflect.NativeConstructorAccessorImpl.newInstance0(Native Method)
	at sun.reflect.NativeConstructorAccessorImpl.newInstance(NativeConstructorAccessorImpl.java:62)
	at sun.reflect.DelegatingConstructorAccessorImpl.newInstance(DelegatingConstructorAccessorImpl.java:45)
	at java.lang.reflect.Constructor.newInstance(Constructor.java:423)
	at org.openqa.selenium.remote.ErrorHandler.createThrowable(ErrorHandler.java:214)
	at org.openqa.selenium.remote.ErrorHandler.throwIfResponseFailed(ErrorHandler.java:166)
	at org.openqa.selenium.remote.http.JsonHttpResponseCodec.reconstructValue(JsonHttpResponseCodec.java:40)
	at org.openqa.selenium.remote.http.AbstractHttpResponseCodec.decode(AbstractHttpResponseCodec.java:80)
	at org.openqa.selenium.remote.http.AbstractHttpResponseCodec.decode(AbstractHttpResponseCodec.java:44)
	at org.openqa.selenium.remote.HttpCommandExecutor.execute(HttpCommandExecutor.java:158)
	at org.openqa.selenium.remote.service.DriverCommandExecutor.execute(DriverCommandExecutor.java:83)
	at org.openqa.selenium.remote.RemoteWebDriver.execute(RemoteWebDriver.java:543)
	at org.openqa.selenium.remote.RemoteWebDriver.findElement(RemoteWebDriver.java:317)
	at org.openqa.selenium.remote.RemoteWebDriver.findElementByCssSelector(RemoteWebDriver.java:411)
	at org.openqa.selenium.By$ByCssSelector.findElement(By.java:431)
	at org.openqa.selenium.remote.RemoteWebDriver.findElement(RemoteWebDriver.java:309)
	at org.openqa.selenium.support.pagefactory.DefaultElementLocator.findElement(DefaultElementLocator.java:69)
	at org.openqa.selenium.support.pagefactory.internal.LocatingElementHandler.invoke(LocatingElementHandler.java:38)
	at com.sun.proxy.$Proxy14.isDisplayed(Unknown Source)
	at com.epam.lab.decorator.PageElement.isDisplayed(PageElement.java:85)
	at org.openqa.selenium.support.ui.ExpectedConditions.elementIfVisible(ExpectedConditions.java:315)
	at org.openqa.selenium.support.ui.ExpectedConditions.access$100(ExpectedConditions.java:44)
	at org.openqa.selenium.support.ui.ExpectedConditions$10.apply(ExpectedConditions.java:301)
	at org.openqa.selenium.support.ui.ExpectedConditions$10.apply(ExpectedConditions.java:298)
	at org.openqa.selenium.support.ui.FluentWait.until(FluentWait.java:248)
	... 16 more
</pre>
</span>
</div>
</div>
<div id="tab1" class="tab">
<h2>Tests</h2>
<table>
<thead>
<tr>
<th>Test</th>
<th>Duration</th>
<th>Result</th>
</tr>
</thead>
<tr>
<td class="success">testGmail</td>
<td class="success">45.715s</td>
<td class="success">passed</td>
</tr>
<tr>
<td class="failures">testGmail</td>
<td class="failures">44.620s</td>
<td class="failures">failed</td>
</tr>
<tr>
<td class="success">testGmail</td>
<td class="success">1m7.09s</td>
<td class="success">passed</td>
</tr>
<tr>
<td class="success">testGmail</td>
<td class="success">56.467s</td>
<td class="success">passed</td>
</tr>
<tr>
<td class="success">testGmail</td>
<td class="success">1m7.96s</td>
<td class="success">passed</td>
</tr>
</table>
</div>
<div id="tab2" class="tab">
<h2>Standard output</h2>
<span class="code">
<pre>2018-06-06 22:05:19 [TestNG-test=testGmail-3] INFO  com.epam.lab.TestGmail  - User [email= seleniumlab6test@gmail.com , password= lab6test, send to= dahua20151@gmail.com , subject=Message 1 , message=Message Text 1]
 2018-06-06 22:05:19 [TestNG-test=testGmail-1] INFO  com.epam.lab.TestGmail  - User [email= dahua20151@gmail.com , password= qweqweqwe1, send to= dahua20151@gmail.com , subject=Message 2 , message=Message Text 2]
 2018-06-06 22:05:19 [TestNG-test=testGmail-2] INFO  com.epam.lab.TestGmail  - User [email= seleniolab@gmail.com , password= lab6test, send to= dahua20151@gmail.com , subject=Message 3 , message=Message Text 3]
 2018-06-06 22:05:19 [TestNG-test=testGmail-4] INFO  com.epam.lab.TestGmail  - User [email= seleniumlab6test3@gmail.com , password= lab6test, send to= dahua20151@gmail.com , subject=Message 4 , message=Message Text 4]
 2018-06-06 22:05:19 [TestNG-test=testGmail-5] INFO  com.epam.lab.TestGmail  - User [email= seleniumlab6test2@gmail.com , password= lab6test, send to= dahua20151@gmail.com , subject=Message 5 , message=Message Text 5]
 2018-06-06 22:05:22 [TestNG-test=testGmail-4] INFO  com.epam.lab.TestGmail  - Initialize properties and go to website
 2018-06-06 22:05:22 [TestNG-test=testGmail-4] INFO  com.epam.lab.TestGmail  - Running tests
 2018-06-06 22:05:22 [TestNG-test=testGmail-4] INFO  com.epam.lab.TestGmail  - Test sign in to Gmail
 2018-06-06 22:05:23 [TestNG-test=testGmail-3] INFO  com.epam.lab.TestGmail  - Initialize properties and go to website
 2018-06-06 22:05:23 [TestNG-test=testGmail-3] INFO  com.epam.lab.TestGmail  - Running tests
 2018-06-06 22:05:23 [TestNG-test=testGmail-3] INFO  com.epam.lab.TestGmail  - Test sign in to Gmail
 2018-06-06 22:05:23 [TestNG-test=testGmail-5] INFO  com.epam.lab.TestGmail  - Initialize properties and go to website
 2018-06-06 22:05:23 [TestNG-test=testGmail-5] INFO  com.epam.lab.TestGmail  - Running tests
 2018-06-06 22:05:23 [TestNG-test=testGmail-5] INFO  com.epam.lab.TestGmail  - Test sign in to Gmail
 2018-06-06 22:05:23 [TestNG-test=testGmail-1] INFO  com.epam.lab.TestGmail  - Initialize properties and go to website
 2018-06-06 22:05:23 [TestNG-test=testGmail-1] INFO  com.epam.lab.TestGmail  - Running tests
 2018-06-06 22:05:23 [TestNG-test=testGmail-1] INFO  com.epam.lab.TestGmail  - Test sign in to Gmail
 2018-06-06 22:05:23 [TestNG-test=testGmail-2] INFO  com.epam.lab.TestGmail  - Initialize properties and go to website
 2018-06-06 22:05:23 [TestNG-test=testGmail-2] INFO  com.epam.lab.TestGmail  - Running tests
 2018-06-06 22:05:23 [TestNG-test=testGmail-2] INFO  com.epam.lab.TestGmail  - Test sign in to Gmail
 2018-06-06 22:05:29 [TestNG-test=testGmail-3] INFO  com.epam.lab.decorator.PageElement  - Click on [Button 'Sign in']
 2018-06-06 22:05:31 [TestNG-test=testGmail-3] INFO  com.epam.lab.decorator.PageElement  - Sending keys to [Typing email] value [[seleniumlab6test@gmail.com]]
 2018-06-06 22:05:32 [TestNG-test=testGmail-3] INFO  com.epam.lab.decorator.PageElement  - Click on ['Next' after email]
 2018-06-06 22:05:32 [TestNG-test=testGmail-3] INFO  com.epam.lab.decorator.PageElement  - Checking if element is displayed [Typing password]
 2018-06-06 22:05:33 [TestNG-test=testGmail-3] INFO  com.epam.lab.decorator.PageElement  - Checking if element is displayed [Typing password]
 2018-06-06 22:05:33 [TestNG-test=testGmail-3] INFO  com.epam.lab.decorator.PageElement  - Sending keys to [Typing password] value [[lab6test]]
 2018-06-06 22:05:33 [TestNG-test=testGmail-3] INFO  com.epam.lab.decorator.PageElement  - Click on ['Next' after password]
 2018-06-06 22:05:34 [TestNG-test=testGmail-3] INFO  com.epam.lab.decorator.PageElement  - Checking if element is displayed [Button 'Compose']
 2018-06-06 22:05:34 [TestNG-test=testGmail-3] INFO  com.epam.lab.decorator.PageElement  - Checking if element is displayed [Button 'Compose']
 2018-06-06 22:05:34 [TestNG-test=testGmail-5] INFO  com.epam.lab.decorator.PageElement  - Click on [Button 'Sign in']
 2018-06-06 22:05:38 [TestNG-test=testGmail-1] INFO  com.epam.lab.decorator.PageElement  - Click on [Button 'Sign in']
 2018-06-06 22:05:39 [TestNG-test=testGmail-5] INFO  com.epam.lab.decorator.PageElement  - Sending keys to [Typing email] value [[seleniumlab6test2@gmail.com]]
 2018-06-06 22:05:40 [TestNG-test=testGmail-1] INFO  com.epam.lab.decorator.PageElement  - Sending keys to [Typing email] value [[dahua20151@gmail.com]]
 2018-06-06 22:05:43 [TestNG-test=testGmail-1] INFO  com.epam.lab.decorator.PageElement  - Click on ['Next' after email]
 2018-06-06 22:05:43 [TestNG-test=testGmail-5] INFO  com.epam.lab.decorator.PageElement  - Click on ['Next' after email]
 2018-06-06 22:05:44 [TestNG-test=testGmail-1] INFO  com.epam.lab.decorator.PageElement  - Checking if element is displayed [Typing password]
 2018-06-06 22:05:44 [TestNG-test=testGmail-5] INFO  com.epam.lab.decorator.PageElement  - Checking if element is displayed [Typing password]
 2018-06-06 22:05:44 [TestNG-test=testGmail-1] INFO  com.epam.lab.decorator.PageElement  - Checking if element is displayed [Typing password]
 2018-06-06 22:05:44 [TestNG-test=testGmail-5] INFO  com.epam.lab.decorator.PageElement  - Checking if element is displayed [Typing password]
 2018-06-06 22:05:45 [TestNG-test=testGmail-5] INFO  com.epam.lab.decorator.PageElement  - Sending keys to [Typing password] value [[lab6test]]
 2018-06-06 22:05:45 [TestNG-test=testGmail-1] INFO  com.epam.lab.decorator.PageElement  - Checking if element is displayed [Typing password]
 2018-06-06 22:05:45 [TestNG-test=testGmail-1] INFO  com.epam.lab.decorator.PageElement  - Sending keys to [Typing password] value [[qweqweqwe1]]
 2018-06-06 22:05:46 [TestNG-test=testGmail-5] INFO  com.epam.lab.decorator.PageElement  - Click on ['Next' after password]
 2018-06-06 22:05:46 [TestNG-test=testGmail-1] INFO  com.epam.lab.decorator.PageElement  - Click on ['Next' after password]
 2018-06-06 22:05:46 [TestNG-test=testGmail-5] INFO  com.epam.lab.decorator.PageElement  - Checking if element is displayed [Button 'Compose']
 2018-06-06 22:05:46 [TestNG-test=testGmail-3] INFO  com.epam.lab.decorator.PageElement  - Click on [Button 'Compose']
 2018-06-06 22:05:46 [TestNG-test=testGmail-1] INFO  com.epam.lab.decorator.PageElement  - Checking if element is displayed [Button 'Compose']
 2018-06-06 22:05:47 [TestNG-test=testGmail-5] INFO  com.epam.lab.decorator.PageElement  - Checking if element is displayed [Button 'Compose']
 2018-06-06 22:05:48 [TestNG-test=testGmail-2] INFO  com.epam.lab.decorator.PageElement  - Click on [Button 'Sign in']
 2018-06-06 22:05:51 [TestNG-test=testGmail-3] INFO  com.epam.lab.decorator.PageElement  - Sending keys to [Input recipients] value [[dahua20151@gmail.com]]
 2018-06-06 22:05:55 [TestNG-test=testGmail-4] INFO  com.epam.lab.decorator.PageElement  - Click on [Button 'Sign in']
 2018-06-06 22:05:56 [TestNG-test=testGmail-3] INFO  com.epam.lab.decorator.PageElement  - Sending keys to [Input subject] value [[Message 1]]
 2018-06-06 22:05:56 [TestNG-test=testGmail-3] INFO  com.epam.lab.decorator.PageElement  - Sending keys to [Input message] value [[Message Text 1]]
 2018-06-06 22:05:58 [TestNG-test=testGmail-2] INFO  com.epam.lab.decorator.PageElement  - Sending keys to [Typing email] value [[seleniolab@gmail.com]]
 2018-06-06 22:06:00 [TestNG-test=testGmail-3] INFO  com.epam.lab.decorator.PageElement  - Click on [Button 'Send']
 2018-06-06 22:06:01 [TestNG-test=testGmail-3] INFO  com.epam.lab.decorator.PageElement  - Click on [Go to sent folder]
 2018-06-06 22:06:01 [TestNG-test=testGmail-2] INFO  com.epam.lab.decorator.PageElement  - Click on ['Next' after email]
 2018-06-06 22:06:02 [TestNG-test=testGmail-3] INFO  com.epam.lab.decorator.PageElement  - Click on [Go to sent folder]
 2018-06-06 22:06:02 [TestNG-test=testGmail-2] INFO  com.epam.lab.decorator.PageElement  - Checking if element is displayed [Typing password]
 2018-06-06 22:06:02 [TestNG-test=testGmail-3] INFO  com.epam.lab.decorator.PageElement  - Getting attribute [email]
 2018-06-06 22:06:03 [TestNG-test=testGmail-5] INFO  com.epam.lab.decorator.PageElement  - Click on [Button 'Compose']
 2018-06-06 22:06:03 [TestNG-test=testGmail-3] INFO  com.epam.lab.decorator.PageElement  - Checking if element is displayed [Checking item for remove]
 2018-06-06 22:06:03 [TestNG-test=testGmail-2] INFO  com.epam.lab.decorator.PageElement  - Checking if element is displayed [Typing password]
 2018-06-06 22:06:03 [TestNG-test=testGmail-3] INFO  com.epam.lab.decorator.PageElement  - Checking if element is enabled [Checking item for remove]
 2018-06-06 22:06:03 [TestNG-test=testGmail-3] INFO  com.epam.lab.decorator.PageElement  - Checking if element is displayed [Checking item for remove]
 2018-06-06 22:06:03 [TestNG-test=testGmail-5] INFO  com.epam.lab.decorator.PageElement  - Sending keys to [Input recipients] value [[dahua20151@gmail.com]]
 2018-06-06 22:06:03 [TestNG-test=testGmail-3] INFO  com.epam.lab.decorator.PageElement  - Click on [Checking item for remove]
 </pre>
</span>
</div>
<div id="tab3" class="tab">
<h2>Standard error</h2>
<span class="code">
<pre>Starting ChromeDriver 2.38.552522 (437e6fbedfa8762dec75e2c5b3ddb86763dc9dcb) on port 22318
Starting ChromeDriver 2.38.552522 (437e6fbedfa8762dec75e2c5b3ddb86763dc9dcb) on port 44349
Only local connections are allowed.
Only local connections are allowed.
Starting ChromeDriver 2.38.552522 (437e6fbedfa8762dec75e2c5b3ddb86763dc9dcb) on port 28144
Only local connections are allowed.
Starting ChromeDriver 2.38.552522 (437e6fbedfa8762dec75e2c5b3ddb86763dc9dcb) on port 48676
Only local connections are allowed.
Starting ChromeDriver 2.38.552522 (437e6fbedfa8762dec75e2c5b3ddb86763dc9dcb) on port 36262
Only local connections are allowed.
черв. 06, 2018 10:05:22 PM org.openqa.selenium.remote.ProtocolHandshake createSession
INFO: Detected dialect: OSS
log4j:ERROR A &quot;com.epam.lab.utils.CustomListener&quot; object is not assignable to a &quot;org.apache.log4j.Appender&quot; variable.
log4j:ERROR The class &quot;org.apache.log4j.Appender&quot; was loaded by 
log4j:ERROR [sun.misc.Launcher$AppClassLoader@659e0bfd] whereas object of type 
log4j:ERROR &quot;com.epam.lab.utils.CustomListener&quot; was loaded by [sun.misc.Launcher$AppClassLoader@659e0bfd].
log4j:ERROR Could not instantiate appender named &quot;reportng&quot;.
черв. 06, 2018 10:05:23 PM org.openqa.selenium.remote.ProtocolHandshake createSession
INFO: Detected dialect: OSS
log4j:ERROR A &quot;com.epam.lab.utils.CustomListener&quot; object is not assignable to a &quot;org.apache.log4j.Appender&quot; variable.
log4j:ERROR The class &quot;org.apache.log4j.Appender&quot; was loaded by 
log4j:ERROR [sun.misc.Launcher$AppClassLoader@659e0bfd] whereas object of type 
log4j:ERROR &quot;com.epam.lab.utils.CustomListener&quot; was loaded by [sun.misc.Launcher$AppClassLoader@659e0bfd].
log4j:ERROR Could not instantiate appender named &quot;reportng&quot;.
черв. 06, 2018 10:05:23 PM org.openqa.selenium.remote.ProtocolHandshake createSession
INFO: Detected dialect: OSS
log4j:ERROR A &quot;com.epam.lab.utils.CustomListener&quot; object is not assignable to a &quot;org.apache.log4j.Appender&quot; variable.
log4j:ERROR The class &quot;org.apache.log4j.Appender&quot; was loaded by 
log4j:ERROR [sun.misc.Launcher$AppClassLoader@659e0bfd] whereas object of type 
log4j:ERROR &quot;com.epam.lab.utils.CustomListener&quot; was loaded by [sun.misc.Launcher$AppClassLoader@659e0bfd].
log4j:ERROR Could not instantiate appender named &quot;reportng&quot;.
черв. 06, 2018 10:05:23 PM org.openqa.selenium.remote.ProtocolHandshake createSession
INFO: Detected dialect: OSS
log4j:ERROR A &quot;com.epam.lab.utils.CustomListener&quot; object is not assignable to a &quot;org.apache.log4j.Appender&quot; variable.
log4j:ERROR The class &quot;org.apache.log4j.Appender&quot; was loaded by 
log4j:ERROR [sun.misc.Launcher$AppClassLoader@659e0bfd] whereas object of type 
log4j:ERROR &quot;com.epam.lab.utils.CustomListener&quot; was loaded by [sun.misc.Launcher$AppClassLoader@659e0bfd].
log4j:ERROR Could not instantiate appender named &quot;reportng&quot;.
черв. 06, 2018 10:05:23 PM org.openqa.selenium.remote.ProtocolHandshake createSession
INFO: Detected dialect: OSS
log4j:ERROR A &quot;com.epam.lab.utils.CustomListener&quot; object is not assignable to a &quot;org.apache.log4j.Appender&quot; variable.
log4j:ERROR The class &quot;org.apache.log4j.Appender&quot; was loaded by 
log4j:ERROR [sun.misc.Launcher$AppClassLoader@659e0bfd] whereas object of type 
log4j:ERROR &quot;com.epam.lab.utils.CustomListener&quot; was loaded by [sun.misc.Launcher$AppClassLoader@659e0bfd].
log4j:ERROR Could not instantiate appender named &quot;reportng&quot;.
</pre>
</span>
</div>
</div>
<div id="footer">
<p>
<div>
<label class="hidden" id="label-for-line-wrapping-toggle" for="line-wrapping-toggle">Wrap lines
<input id="line-wrapping-toggle" type="checkbox" autocomplete="off"/>
</label>
</div>Generated by 
<a href="http://www.gradle.org">Gradle 4.8</a> at 6 черв. 2018 22:07:00</p>
</div>
</div>
</body>
</html>
